<?xml version="1.0" encoding="UTF-8"?>
<coverage generated="1742216600146" clover="3.2.0">
  <project timestamp="1742216600147" name="All files">
    <metrics statements="92" coveredstatements="92" conditionals="87" coveredconditionals="87" methods="40" coveredmethods="40" elements="219" coveredelements="219" complexity="0" loc="92" ncloc="92" packages="1" files="3" classes="3"/>
    <file name="CadastroPid.ts" path="C:\Users\Gusta\Videos\v9\projeto_pid_rid\projeto_pid_rid\models\CadastroPid.ts">
      <metrics statements="25" coveredstatements="25" conditionals="22" coveredconditionals="22" methods="10" coveredmethods="10"/>
      <line num="3" count="2" type="stmt"/>
      <line num="12" count="5" type="cond" truecount="1" falsecount="0"/>
      <line num="13" count="4" type="stmt"/>
      <line num="17" count="6" type="cond" truecount="1" falsecount="0"/>
      <line num="18" count="5" type="stmt"/>
      <line num="23" count="5" type="cond" truecount="1" falsecount="0"/>
      <line num="24" count="4" type="stmt"/>
      <line num="28" count="6" type="stmt"/>
      <line num="29" count="6" type="cond" truecount="3" falsecount="0"/>
      <line num="30" count="4" type="stmt"/>
      <line num="35" count="6" type="cond" truecount="1" falsecount="0"/>
      <line num="36" count="5" type="stmt"/>
      <line num="40" count="6" type="cond" truecount="3" falsecount="0"/>
      <line num="41" count="5" type="stmt"/>
      <line num="46" count="5" type="cond" truecount="3" falsecount="0"/>
      <line num="47" count="4" type="stmt"/>
      <line num="51" count="8" type="cond" truecount="3" falsecount="0"/>
      <line num="52" count="7" type="stmt"/>
      <line num="53" count="7" type="cond" truecount="3" falsecount="0"/>
      <line num="54" count="6" type="cond" truecount="1" falsecount="0"/>
      <line num="56" count="5" type="stmt"/>
      <line num="62" count="2" type="cond" truecount="1" falsecount="0"/>
      <line num="63" count="1" type="stmt"/>
      <line num="67" count="2" type="cond" truecount="1" falsecount="0"/>
      <line num="68" count="1" type="stmt"/>
    </file>
    <file name="CadastroRid.ts" path="C:\Users\Gusta\Videos\v9\projeto_pid_rid\projeto_pid_rid\models\CadastroRid.ts">
      <metrics statements="36" coveredstatements="36" conditionals="41" coveredconditionals="41" methods="14" coveredmethods="14"/>
      <line num="3" count="1" type="stmt"/>
      <line num="8" count="22" type="stmt"/>
      <line num="11" count="5" type="cond" truecount="1" falsecount="0"/>
      <line num="12" count="4" type="stmt"/>
      <line num="16" count="5" type="cond" truecount="1" falsecount="0"/>
      <line num="17" count="4" type="stmt"/>
      <line num="21" count="5" type="cond" truecount="1" falsecount="0"/>
      <line num="22" count="4" type="stmt"/>
      <line num="26" count="6" type="stmt"/>
      <line num="27" count="6" type="cond" truecount="3" falsecount="0"/>
      <line num="28" count="4" type="stmt"/>
      <line num="32" count="6" type="cond" truecount="1" falsecount="0"/>
      <line num="33" count="5" type="stmt"/>
      <line num="37" count="6" type="cond" truecount="3" falsecount="0"/>
      <line num="38" count="5" type="stmt"/>
      <line num="42" count="5" type="cond" truecount="3" falsecount="0"/>
      <line num="43" count="4" type="stmt"/>
      <line num="47" count="10" type="cond" truecount="3" falsecount="0"/>
      <line num="48" count="9" type="stmt"/>
      <line num="49" count="9" type="cond" truecount="3" falsecount="0"/>
      <line num="50" count="8" type="cond" truecount="1" falsecount="0"/>
      <line num="52" count="7" type="stmt"/>
      <line num="56" count="3" type="cond" truecount="1" falsecount="0"/>
      <line num="61" count="1" type="stmt"/>
      <line num="64" count="2" type="stmt"/>
      <line num="66" count="2" type="stmt"/>
      <line num="67" count="2" type="stmt"/>
      <line num="68" count="2" type="cond" truecount="2" falsecount="0"/>
      <line num="71" count="2" type="cond" truecount="3" falsecount="0"/>
      <line num="72" count="2" type="stmt"/>
      <line num="78" count="2" type="cond" truecount="4" falsecount="0"/>
      <line num="79" count="1" type="stmt"/>
      <line num="84" count="4" type="cond" truecount="4" falsecount="0"/>
      <line num="88" count="5" type="cond" truecount="4" falsecount="0"/>
      <line num="89" count="3" type="stmt"/>
      <line num="91" count="2" type="stmt"/>
    </file>
    <file name="Docente.ts" path="C:\Users\Gusta\Videos\v9\projeto_pid_rid\projeto_pid_rid\models\Docente.ts">
      <metrics statements="31" coveredstatements="31" conditionals="24" coveredconditionals="24" methods="16" coveredmethods="16"/>
      <line num="1" count="1" type="stmt"/>
      <line num="13" count="2" type="cond" truecount="1" falsecount="0"/>
      <line num="14" count="1" type="stmt"/>
      <line num="18" count="2" type="cond" truecount="1" falsecount="0"/>
      <line num="19" count="1" type="stmt"/>
      <line num="23" count="2" type="cond" truecount="1" falsecount="0"/>
      <line num="24" count="1" type="stmt"/>
      <line num="28" count="3" type="cond" truecount="3" falsecount="0"/>
      <line num="29" count="1" type="stmt"/>
      <line num="33" count="2" type="cond" truecount="2" falsecount="0"/>
      <line num="37" count="2" type="cond" truecount="1" falsecount="0"/>
      <line num="38" count="1" type="stmt"/>
      <line num="42" count="2" type="cond" truecount="1" falsecount="0"/>
      <line num="43" count="1" type="stmt"/>
      <line num="47" count="2" type="cond" truecount="1" falsecount="0"/>
      <line num="48" count="1" type="stmt"/>
      <line num="52" count="2" type="cond" truecount="3" falsecount="0"/>
      <line num="53" count="1" type="stmt"/>
      <line num="57" count="2" type="stmt"/>
      <line num="61" count="2" type="cond" truecount="1" falsecount="0"/>
      <line num="62" count="1" type="stmt"/>
      <line num="66" count="3" type="cond" truecount="1" falsecount="0"/>
      <line num="67" count="1" type="stmt"/>
      <line num="71" count="3" type="cond" truecount="1" falsecount="0"/>
      <line num="72" count="2" type="stmt"/>
      <line num="76" count="4" type="cond" truecount="3" falsecount="0"/>
      <line num="77" count="2" type="stmt"/>
      <line num="81" count="3" type="cond" truecount="1" falsecount="0"/>
      <line num="82" count="2" type="stmt"/>
      <line num="86" count="4" type="cond" truecount="3" falsecount="0"/>
      <line num="87" count="2" type="stmt"/>
    </file>
  </project>
</coverage>
