<?xml version="1.0" encoding="UTF-8"?>
<coverage generated="1739887644383" clover="3.2.0">
  <project timestamp="1739887644383" name="All files">
    <metrics statements="31" coveredstatements="31" conditionals="24" coveredconditionals="23" methods="16" coveredmethods="16" elements="71" coveredelements="70" complexity="0" loc="31" ncloc="31" packages="1" files="1" classes="1"/>
    <file name="Docente.ts" path="C:\Users\Informatica\Documents\GitHub\edsii\projeto_pid_rid\models\Docente.ts">
      <metrics statements="31" coveredstatements="31" conditionals="24" coveredconditionals="23" methods="16" coveredmethods="16"/>
      <line num="1" count="1" type="stmt"/>
      <line num="12" count="2" type="cond" truecount="1" falsecount="0"/>
      <line num="13" count="1" type="stmt"/>
      <line num="17" count="2" type="cond" truecount="1" falsecount="0"/>
      <line num="18" count="1" type="stmt"/>
      <line num="22" count="2" type="cond" truecount="1" falsecount="0"/>
      <line num="23" count="1" type="stmt"/>
      <line num="27" count="3" type="cond" truecount="3" falsecount="0"/>
      <line num="28" count="1" type="stmt"/>
      <line num="32" count="2" type="cond" truecount="2" falsecount="0"/>
      <line num="36" count="2" type="cond" truecount="1" falsecount="0"/>
      <line num="37" count="1" type="stmt"/>
      <line num="41" count="2" type="cond" truecount="1" falsecount="0"/>
      <line num="42" count="1" type="stmt"/>
      <line num="46" count="2" type="cond" truecount="1" falsecount="0"/>
      <line num="47" count="1" type="stmt"/>
      <line num="51" count="1" type="cond" truecount="2" falsecount="1"/>
      <line num="52" count="1" type="stmt"/>
      <line num="56" count="1" type="stmt"/>
      <line num="60" count="2" type="cond" truecount="1" falsecount="0"/>
      <line num="61" count="1" type="stmt"/>
      <line num="65" count="3" type="cond" truecount="1" falsecount="0"/>
      <line num="66" count="1" type="stmt"/>
      <line num="70" count="3" type="cond" truecount="1" falsecount="0"/>
      <line num="71" count="2" type="stmt"/>
      <line num="75" count="4" type="cond" truecount="3" falsecount="0"/>
      <line num="76" count="2" type="stmt"/>
      <line num="80" count="3" type="cond" truecount="1" falsecount="0"/>
      <line num="81" count="2" type="stmt"/>
      <line num="85" count="4" type="cond" truecount="3" falsecount="0"/>
      <line num="86" count="2" type="stmt"/>
    </file>
  </project>
</coverage>
