{"C:\\Users\\Informatica\\Documents\\GitHub\\edsii\\projeto_pid_rid\\models\\Docente.ts": {"path":"C:\\Users\\Informatica\\Documents\\GitHub\\edsii\\projeto_pid_rid\\models\\Docente.ts","statementMap":{"0":{"start":{"line":12,"column":8},"end":{"line":12,"column":77}},"1":{"start":{"line":12,"column":24},"end":{"line":12,"column":77}},"2":{"start":{"line":13,"column":8},"end":{"line":13,"column":25}},"3":{"start":{"line":17,"column":8},"end":{"line":17,"column":81}},"4":{"start":{"line":17,"column":33},"end":{"line":17,"column":81}},"5":{"start":{"line":18,"column":8},"end":{"line":18,"column":26}},"6":{"start":{"line":22,"column":8},"end":{"line":22,"column":75}},"7":{"start":{"line":22,"column":23},"end":{"line":22,"column":75}},"8":{"start":{"line":23,"column":8},"end":{"line":23,"column":24}},"9":{"start":{"line":27,"column":8},"end":{"line":27,"column":102}},"10":{"start":{"line":27,"column":60},"end":{"line":27,"column":102}},"11":{"start":{"line":28,"column":8},"end":{"line":28,"column":25}},"12":{"start":{"line":32,"column":8},"end":{"line":32,"column":62}},"13":{"start":{"line":36,"column":8},"end":{"line":36,"column":79}},"14":{"start":{"line":36,"column":25},"end":{"line":36,"column":79}},"15":{"start":{"line":37,"column":8},"end":{"line":37,"column":26}},"16":{"start":{"line":41,"column":8},"end":{"line":41,"column":82}},"17":{"start":{"line":41,"column":33},"end":{"line":41,"column":82}},"18":{"start":{"line":42,"column":8},"end":{"line":42,"column":27}},"19":{"start":{"line":46,"column":8},"end":{"line":46,"column":79}},"20":{"start":{"line":46,"column":25},"end":{"line":46,"column":79}},"21":{"start":{"line":47,"column":8},"end":{"line":47,"column":26}},"22":{"start":{"line":51,"column":8},"end":{"line":51,"column":106}},"23":{"start":{"line":51,"column":62},"end":{"line":51,"column":106}},"24":{"start":{"line":52,"column":8},"end":{"line":52,"column":27}},"25":{"start":{"line":56,"column":8},"end":{"line":56,"column":59}},"26":{"start":{"line":60,"column":8},"end":{"line":60,"column":79}},"27":{"start":{"line":60,"column":25},"end":{"line":60,"column":79}},"28":{"start":{"line":61,"column":8},"end":{"line":61,"column":26}},"29":{"start":{"line":65,"column":8},"end":{"line":65,"column":91}},"30":{"start":{"line":65,"column":30},"end":{"line":65,"column":91}},"31":{"start":{"line":66,"column":8},"end":{"line":66,"column":27}},"32":{"start":{"line":70,"column":8},"end":{"line":70,"column":97}},"33":{"start":{"line":70,"column":32},"end":{"line":70,"column":97}},"34":{"start":{"line":71,"column":8},"end":{"line":71,"column":33}},"35":{"start":{"line":75,"column":8},"end":{"line":75,"column":105}},"36":{"start":{"line":75,"column":59},"end":{"line":75,"column":105}},"37":{"start":{"line":76,"column":8},"end":{"line":76,"column":34}},"38":{"start":{"line":80,"column":8},"end":{"line":80,"column":101}},"39":{"start":{"line":80,"column":34},"end":{"line":80,"column":101}},"40":{"start":{"line":81,"column":8},"end":{"line":81,"column":35}},"41":{"start":{"line":85,"column":8},"end":{"line":85,"column":90}},"42":{"start":{"line":85,"column":42},"end":{"line":85,"column":90}},"43":{"start":{"line":86,"column":8},"end":{"line":86,"column":36}},"44":{"start":{"line":1,"column":0},"end":{"line":1,"column":13}}},"fnMap":{"0":{"name":"(anonymous_0)","decl":{"start":{"line":11,"column":4},"end":{"line":11,"column":11}},"loc":{"start":{"line":11,"column":11},"end":{"line":14,"column":5}}},"1":{"name":"(anonymous_1)","decl":{"start":{"line":16,"column":4},"end":{"line":16,"column":11}},"loc":{"start":{"line":16,"column":25},"end":{"line":19,"column":5}}},"2":{"name":"(anonymous_2)","decl":{"start":{"line":21,"column":4},"end":{"line":21,"column":10}},"loc":{"start":{"line":21,"column":10},"end":{"line":24,"column":5}}},"3":{"name":"(anonymous_3)","decl":{"start":{"line":26,"column":4},"end":{"line":26,"column":10}},"loc":{"start":{"line":26,"column":24},"end":{"line":29,"column":5}}},"4":{"name":"(anonymous_4)","decl":{"start":{"line":31,"column":12},"end":{"line":31,"column":22}},"loc":{"start":{"line":31,"column":34},"end":{"line":33,"column":5}}},"5":{"name":"(anonymous_5)","decl":{"start":{"line":35,"column":4},"end":{"line":35,"column":12}},"loc":{"start":{"line":35,"column":12},"end":{"line":38,"column":5}}},"6":{"name":"(anonymous_6)","decl":{"start":{"line":40,"column":4},"end":{"line":40,"column":12}},"loc":{"start":{"line":40,"column":26},"end":{"line":43,"column":5}}},"7":{"name":"(anonymous_7)","decl":{"start":{"line":45,"column":4},"end":{"line":45,"column":12}},"loc":{"start":{"line":45,"column":12},"end":{"line":48,"column":5}}},"8":{"name":"(anonymous_8)","decl":{"start":{"line":50,"column":4},"end":{"line":50,"column":12}},"loc":{"start":{"line":50,"column":26},"end":{"line":53,"column":5}}},"9":{"name":"(anonymous_9)","decl":{"start":{"line":55,"column":12},"end":{"line":55,"column":24}},"loc":{"start":{"line":55,"column":38},"end":{"line":57,"column":5}}},"10":{"name":"(anonymous_10)","decl":{"start":{"line":59,"column":4},"end":{"line":59,"column":12}},"loc":{"start":{"line":59,"column":12},"end":{"line":62,"column":5}}},"11":{"name":"(anonymous_11)","decl":{"start":{"line":64,"column":4},"end":{"line":64,"column":12}},"loc":{"start":{"line":64,"column":26},"end":{"line":67,"column":5}}},"12":{"name":"(anonymous_12)","decl":{"start":{"line":69,"column":4},"end":{"line":69,"column":19}},"loc":{"start":{"line":69,"column":19},"end":{"line":72,"column":5}}},"13":{"name":"(anonymous_13)","decl":{"start":{"line":74,"column":4},"end":{"line":74,"column":19}},"loc":{"start":{"line":74,"column":33},"end":{"line":77,"column":5}}},"14":{"name":"(anonymous_14)","decl":{"start":{"line":79,"column":4},"end":{"line":79,"column":21}},"loc":{"start":{"line":79,"column":21},"end":{"line":82,"column":5}}},"15":{"name":"(anonymous_15)","decl":{"start":{"line":84,"column":4},"end":{"line":84,"column":21}},"loc":{"start":{"line":84,"column":35},"end":{"line":87,"column":5}}}},"branchMap":{"0":{"loc":{"start":{"line":12,"column":8},"end":{"line":12,"column":77}},"type":"if","locations":[{"start":{"line":12,"column":8},"end":{"line":12,"column":77}}]},"1":{"loc":{"start":{"line":17,"column":8},"end":{"line":17,"column":81}},"type":"if","locations":[{"start":{"line":17,"column":8},"end":{"line":17,"column":81}}]},"2":{"loc":{"start":{"line":22,"column":8},"end":{"line":22,"column":75}},"type":"if","locations":[{"start":{"line":22,"column":8},"end":{"line":22,"column":75}}]},"3":{"loc":{"start":{"line":27,"column":8},"end":{"line":27,"column":102}},"type":"if","locations":[{"start":{"line":27,"column":8},"end":{"line":27,"column":102}}]},"4":{"loc":{"start":{"line":27,"column":12},"end":{"line":27,"column":58}},"type":"binary-expr","locations":[{"start":{"line":27,"column":12},"end":{"line":27,"column":31}},{"start":{"line":27,"column":35},"end":{"line":27,"column":58}}]},"5":{"loc":{"start":{"line":32,"column":15},"end":{"line":32,"column":61}},"type":"binary-expr","locations":[{"start":{"line":32,"column":15},"end":{"line":32,"column":35}},{"start":{"line":32,"column":39},"end":{"line":32,"column":61}}]},"6":{"loc":{"start":{"line":36,"column":8},"end":{"line":36,"column":79}},"type":"if","locations":[{"start":{"line":36,"column":8},"end":{"line":36,"column":79}}]},"7":{"loc":{"start":{"line":41,"column":8},"end":{"line":41,"column":82}},"type":"if","locations":[{"start":{"line":41,"column":8},"end":{"line":41,"column":82}}]},"8":{"loc":{"start":{"line":46,"column":8},"end":{"line":46,"column":79}},"type":"if","locations":[{"start":{"line":46,"column":8},"end":{"line":46,"column":79}}]},"9":{"loc":{"start":{"line":51,"column":8},"end":{"line":51,"column":106}},"type":"if","locations":[{"start":{"line":51,"column":8},"end":{"line":51,"column":106}}]},"10":{"loc":{"start":{"line":51,"column":12},"end":{"line":51,"column":60}},"type":"binary-expr","locations":[{"start":{"line":51,"column":12},"end":{"line":51,"column":31}},{"start":{"line":51,"column":35},"end":{"line":51,"column":60}}]},"11":{"loc":{"start":{"line":60,"column":8},"end":{"line":60,"column":79}},"type":"if","locations":[{"start":{"line":60,"column":8},"end":{"line":60,"column":79}}]},"12":{"loc":{"start":{"line":65,"column":8},"end":{"line":65,"column":91}},"type":"if","locations":[{"start":{"line":65,"column":8},"end":{"line":65,"column":91}}]},"13":{"loc":{"start":{"line":70,"column":8},"end":{"line":70,"column":97}},"type":"if","locations":[{"start":{"line":70,"column":8},"end":{"line":70,"column":97}}]},"14":{"loc":{"start":{"line":75,"column":8},"end":{"line":75,"column":105}},"type":"if","locations":[{"start":{"line":75,"column":8},"end":{"line":75,"column":105}}]},"15":{"loc":{"start":{"line":75,"column":12},"end":{"line":75,"column":57}},"type":"binary-expr","locations":[{"start":{"line":75,"column":12},"end":{"line":75,"column":31}},{"start":{"line":75,"column":35},"end":{"line":75,"column":57}}]},"16":{"loc":{"start":{"line":80,"column":8},"end":{"line":80,"column":101}},"type":"if","locations":[{"start":{"line":80,"column":8},"end":{"line":80,"column":101}}]},"17":{"loc":{"start":{"line":85,"column":8},"end":{"line":85,"column":90}},"type":"if","locations":[{"start":{"line":85,"column":8},"end":{"line":85,"column":90}}]},"18":{"loc":{"start":{"line":85,"column":12},"end":{"line":85,"column":40}},"type":"binary-expr","locations":[{"start":{"line":85,"column":12},"end":{"line":85,"column":24}},{"start":{"line":85,"column":28},"end":{"line":85,"column":40}}]}},"s":{"0":2,"1":1,"2":1,"3":2,"4":1,"5":1,"6":2,"7":1,"8":1,"9":3,"10":2,"11":1,"12":2,"13":2,"14":1,"15":1,"16":2,"17":1,"18":1,"19":2,"20":1,"21":1,"22":1,"23":0,"24":1,"25":1,"26":2,"27":1,"28":1,"29":3,"30":2,"31":1,"32":3,"33":1,"34":2,"35":4,"36":2,"37":2,"38":3,"39":1,"40":2,"41":4,"42":2,"43":2,"44":1},"f":{"0":2,"1":2,"2":2,"3":3,"4":2,"5":2,"6":2,"7":2,"8":1,"9":1,"10":2,"11":3,"12":3,"13":4,"14":3,"15":4},"b":{"0":[1],"1":[1],"2":[1],"3":[2],"4":[3,2],"5":[2,1],"6":[1],"7":[1],"8":[1],"9":[0],"10":[1,1],"11":[1],"12":[2],"13":[1],"14":[2],"15":[4,3],"16":[1],"17":[2],"18":[4,3]}}
}
