{"C:\\Users\\André\\OneDrive\\Documentos\\GitHub\\edsii\\projeto_pid_rid\\models\\CadastroPid.ts": {"path":"C:\\Users\\André\\OneDrive\\Documentos\\GitHub\\edsii\\projeto_pid_rid\\models\\CadastroPid.ts","statementMap":{"0":{"start":{"line":11,"column":8},"end":{"line":11,"column":91}},"1":{"start":{"line":11,"column":29},"end":{"line":11,"column":91}},"2":{"start":{"line":12,"column":8},"end":{"line":12,"column":30}},"3":{"start":{"line":16,"column":8},"end":{"line":16,"column":90}},"4":{"start":{"line":16,"column":33},"end":{"line":16,"column":90}},"5":{"start":{"line":17,"column":8},"end":{"line":17,"column":31}},"6":{"start":{"line":22,"column":8},"end":{"line":22,"column":82}},"7":{"start":{"line":22,"column":23},"end":{"line":22,"column":82}},"8":{"start":{"line":23,"column":8},"end":{"line":23,"column":24}},"9":{"start":{"line":27,"column":25},"end":{"line":27,"column":49}},"10":{"start":{"line":28,"column":8},"end":{"line":28,"column":90}},"11":{"start":{"line":28,"column":50},"end":{"line":28,"column":90}},"12":{"start":{"line":29,"column":8},"end":{"line":29,"column":25}},"13":{"start":{"line":34,"column":8},"end":{"line":34,"column":92}},"14":{"start":{"line":34,"column":28},"end":{"line":34,"column":92}},"15":{"start":{"line":35,"column":8},"end":{"line":35,"column":29}},"16":{"start":{"line":39,"column":8},"end":{"line":39,"column":94}},"17":{"start":{"line":39,"column":40},"end":{"line":39,"column":94}},"18":{"start":{"line":40,"column":8},"end":{"line":40,"column":30}},"19":{"start":{"line":45,"column":8},"end":{"line":45,"column":134}},"20":{"start":{"line":45,"column":62},"end":{"line":45,"column":134}},"21":{"start":{"line":46,"column":8},"end":{"line":46,"column":31}},"22":{"start":{"line":50,"column":8},"end":{"line":50,"column":123}},"23":{"start":{"line":50,"column":57},"end":{"line":50,"column":123}},"24":{"start":{"line":51,"column":8},"end":{"line":54,"column":9}},"25":{"start":{"line":52,"column":12},"end":{"line":52,"column":144}},"26":{"start":{"line":52,"column":71},"end":{"line":52,"column":144}},"27":{"start":{"line":53,"column":12},"end":{"line":53,"column":105}},"28":{"start":{"line":53,"column":45},"end":{"line":53,"column":105}},"29":{"start":{"line":55,"column":8},"end":{"line":55,"column":32}},"30":{"start":{"line":60,"column":8},"end":{"line":60,"column":102}},"31":{"start":{"line":60,"column":43},"end":{"line":60,"column":102}},"32":{"start":{"line":61,"column":8},"end":{"line":61,"column":31}},"33":{"start":{"line":65,"column":8},"end":{"line":65,"column":87}},"34":{"start":{"line":65,"column":33},"end":{"line":65,"column":87}},"35":{"start":{"line":66,"column":8},"end":{"line":66,"column":39}},"36":{"start":{"line":1,"column":0},"end":{"line":1,"column":13}}},"fnMap":{"0":{"name":"(anonymous_0)","decl":{"start":{"line":10,"column":4},"end":{"line":10,"column":16}},"loc":{"start":{"line":10,"column":16},"end":{"line":13,"column":5}}},"1":{"name":"(anonymous_1)","decl":{"start":{"line":15,"column":4},"end":{"line":15,"column":16}},"loc":{"start":{"line":15,"column":30},"end":{"line":18,"column":5}}},"2":{"name":"(anonymous_2)","decl":{"start":{"line":21,"column":4},"end":{"line":21,"column":10}},"loc":{"start":{"line":21,"column":10},"end":{"line":24,"column":5}}},"3":{"name":"(anonymous_3)","decl":{"start":{"line":26,"column":4},"end":{"line":26,"column":10}},"loc":{"start":{"line":26,"column":24},"end":{"line":30,"column":5}}},"4":{"name":"(anonymous_4)","decl":{"start":{"line":33,"column":4},"end":{"line":33,"column":15}},"loc":{"start":{"line":33,"column":15},"end":{"line":36,"column":5}}},"5":{"name":"(anonymous_5)","decl":{"start":{"line":38,"column":4},"end":{"line":38,"column":15}},"loc":{"start":{"line":38,"column":29},"end":{"line":41,"column":5}}},"6":{"name":"(anonymous_6)","decl":{"start":{"line":44,"column":4},"end":{"line":44,"column":17}},"loc":{"start":{"line":44,"column":17},"end":{"line":47,"column":5}}},"7":{"name":"(anonymous_7)","decl":{"start":{"line":49,"column":4},"end":{"line":49,"column":17}},"loc":{"start":{"line":49,"column":84},"end":{"line":56,"column":5}}},"8":{"name":"(anonymous_8)","decl":{"start":{"line":59,"column":5},"end":{"line":59,"column":18}},"loc":{"start":{"line":59,"column":18},"end":{"line":62,"column":5}}},"9":{"name":"(anonymous_9)","decl":{"start":{"line":64,"column":4},"end":{"line":64,"column":17}},"loc":{"start":{"line":64,"column":31},"end":{"line":67,"column":5}}}},"branchMap":{"0":{"loc":{"start":{"line":11,"column":8},"end":{"line":11,"column":91}},"type":"if","locations":[{"start":{"line":11,"column":8},"end":{"line":11,"column":91}}]},"1":{"loc":{"start":{"line":16,"column":8},"end":{"line":16,"column":90}},"type":"if","locations":[{"start":{"line":16,"column":8},"end":{"line":16,"column":90}}]},"2":{"loc":{"start":{"line":22,"column":8},"end":{"line":22,"column":82}},"type":"if","locations":[{"start":{"line":22,"column":8},"end":{"line":22,"column":82}}]},"3":{"loc":{"start":{"line":28,"column":8},"end":{"line":28,"column":90}},"type":"if","locations":[{"start":{"line":28,"column":8},"end":{"line":28,"column":90}}]},"4":{"loc":{"start":{"line":28,"column":12},"end":{"line":28,"column":48}},"type":"binary-expr","locations":[{"start":{"line":28,"column":12},"end":{"line":28,"column":24}},{"start":{"line":28,"column":28},"end":{"line":28,"column":48}}]},"5":{"loc":{"start":{"line":34,"column":8},"end":{"line":34,"column":92}},"type":"if","locations":[{"start":{"line":34,"column":8},"end":{"line":34,"column":92}}]},"6":{"loc":{"start":{"line":39,"column":8},"end":{"line":39,"column":94}},"type":"if","locations":[{"start":{"line":39,"column":8},"end":{"line":39,"column":94}}]},"7":{"loc":{"start":{"line":39,"column":12},"end":{"line":39,"column":38}},"type":"binary-expr","locations":[{"start":{"line":39,"column":12},"end":{"line":39,"column":23}},{"start":{"line":39,"column":27},"end":{"line":39,"column":38}}]},"8":{"loc":{"start":{"line":45,"column":8},"end":{"line":45,"column":134}},"type":"if","locations":[{"start":{"line":45,"column":8},"end":{"line":45,"column":134}}]},"9":{"loc":{"start":{"line":45,"column":12},"end":{"line":45,"column":60}},"type":"binary-expr","locations":[{"start":{"line":45,"column":12},"end":{"line":45,"column":28}},{"start":{"line":45,"column":32},"end":{"line":45,"column":60}}]},"10":{"loc":{"start":{"line":50,"column":8},"end":{"line":50,"column":123}},"type":"if","locations":[{"start":{"line":50,"column":8},"end":{"line":50,"column":123}}]},"11":{"loc":{"start":{"line":50,"column":12},"end":{"line":50,"column":55}},"type":"binary-expr","locations":[{"start":{"line":50,"column":12},"end":{"line":50,"column":33}},{"start":{"line":50,"column":37},"end":{"line":50,"column":55}}]},"12":{"loc":{"start":{"line":52,"column":12},"end":{"line":52,"column":144}},"type":"if","locations":[{"start":{"line":52,"column":12},"end":{"line":52,"column":144}}]},"13":{"loc":{"start":{"line":52,"column":16},"end":{"line":52,"column":69}},"type":"binary-expr","locations":[{"start":{"line":52,"column":16},"end":{"line":52,"column":38}},{"start":{"line":52,"column":42},"end":{"line":52,"column":69}}]},"14":{"loc":{"start":{"line":53,"column":12},"end":{"line":53,"column":105}},"type":"if","locations":[{"start":{"line":53,"column":12},"end":{"line":53,"column":105}}]},"15":{"loc":{"start":{"line":60,"column":8},"end":{"line":60,"column":102}},"type":"if","locations":[{"start":{"line":60,"column":8},"end":{"line":60,"column":102}}]},"16":{"loc":{"start":{"line":65,"column":8},"end":{"line":65,"column":87}},"type":"if","locations":[{"start":{"line":65,"column":8},"end":{"line":65,"column":87}}]}},"s":{"0":5,"1":1,"2":4,"3":6,"4":1,"5":5,"6":5,"7":1,"8":4,"9":6,"10":6,"11":2,"12":4,"13":6,"14":1,"15":5,"16":6,"17":1,"18":5,"19":5,"20":1,"21":4,"22":8,"23":1,"24":7,"25":7,"26":1,"27":6,"28":1,"29":5,"30":2,"31":1,"32":1,"33":2,"34":1,"35":1,"36":2},"f":{"0":5,"1":6,"2":5,"3":6,"4":6,"5":6,"6":5,"7":8,"8":2,"9":2},"b":{"0":[1],"1":[1],"2":[1],"3":[2],"4":[6,5],"5":[1],"6":[1],"7":[6,2],"8":[1],"9":[5,4],"10":[1],"11":[8,8],"12":[1],"13":[7,6],"14":[1],"15":[1],"16":[1]}}
,"C:\\Users\\André\\OneDrive\\Documentos\\GitHub\\edsii\\projeto_pid_rid\\models\\CadastroRid.ts": {"path":"C:\\Users\\André\\OneDrive\\Documentos\\GitHub\\edsii\\projeto_pid_rid\\models\\CadastroRid.ts","statementMap":{"0":{"start":{"line":8,"column":12},"end":{"line":8,"column":55}},"1":{"start":{"line":13,"column":8},"end":{"line":13,"column":91}},"2":{"start":{"line":13,"column":29},"end":{"line":13,"column":91}},"3":{"start":{"line":14,"column":8},"end":{"line":14,"column":30}},"4":{"start":{"line":18,"column":8},"end":{"line":18,"column":90}},"5":{"start":{"line":18,"column":33},"end":{"line":18,"column":90}},"6":{"start":{"line":19,"column":8},"end":{"line":19,"column":31}},"7":{"start":{"line":24,"column":8},"end":{"line":24,"column":82}},"8":{"start":{"line":24,"column":23},"end":{"line":24,"column":82}},"9":{"start":{"line":25,"column":8},"end":{"line":25,"column":24}},"10":{"start":{"line":29,"column":25},"end":{"line":29,"column":49}},"11":{"start":{"line":30,"column":8},"end":{"line":30,"column":90}},"12":{"start":{"line":30,"column":50},"end":{"line":30,"column":90}},"13":{"start":{"line":31,"column":8},"end":{"line":31,"column":25}},"14":{"start":{"line":36,"column":8},"end":{"line":36,"column":92}},"15":{"start":{"line":36,"column":28},"end":{"line":36,"column":92}},"16":{"start":{"line":37,"column":8},"end":{"line":37,"column":29}},"17":{"start":{"line":41,"column":8},"end":{"line":41,"column":94}},"18":{"start":{"line":41,"column":40},"end":{"line":41,"column":94}},"19":{"start":{"line":42,"column":8},"end":{"line":42,"column":30}},"20":{"start":{"line":47,"column":8},"end":{"line":47,"column":134}},"21":{"start":{"line":47,"column":62},"end":{"line":47,"column":134}},"22":{"start":{"line":48,"column":8},"end":{"line":48,"column":31}},"23":{"start":{"line":52,"column":8},"end":{"line":52,"column":123}},"24":{"start":{"line":52,"column":57},"end":{"line":52,"column":123}},"25":{"start":{"line":53,"column":8},"end":{"line":56,"column":9}},"26":{"start":{"line":54,"column":12},"end":{"line":54,"column":144}},"27":{"start":{"line":54,"column":71},"end":{"line":54,"column":144}},"28":{"start":{"line":55,"column":12},"end":{"line":55,"column":105}},"29":{"start":{"line":55,"column":45},"end":{"line":55,"column":105}},"30":{"start":{"line":57,"column":8},"end":{"line":57,"column":32}},"31":{"start":{"line":61,"column":8},"end":{"line":67,"column":9}},"32":{"start":{"line":66,"column":12},"end":{"line":66,"column":95}},"33":{"start":{"line":69,"column":35},"end":{"line":69,"column":37}},"34":{"start":{"line":71,"column":8},"end":{"line":81,"column":11}},"35":{"start":{"line":72,"column":33},"end":{"line":73,"column":null}},"36":{"start":{"line":73,"column":26},"end":{"line":73,"column":106}},"37":{"start":{"line":76,"column":12},"end":{"line":80,"column":13}},"38":{"start":{"line":77,"column":16},"end":{"line":79,"column":18}},"39":{"start":{"line":84,"column":8},"end":{"line":86,"column":9}},"40":{"start":{"line":85,"column":12},"end":{"line":85,"column":102}},"41":{"start":{"line":90,"column":8},"end":{"line":90,"column":37}},"42":{"start":{"line":94,"column":4},"end":{"line":98,"column":5}},"43":{"start":{"line":95,"column":8},"end":{"line":95,"column":36}},"44":{"start":{"line":97,"column":8},"end":{"line":97,"column":39}},"45":{"start":{"line":3,"column":0},"end":{"line":3,"column":13}}},"fnMap":{"0":{"name":"(anonymous_0)","decl":{"start":{"line":3,"column":0},"end":{"line":3,"column":13}},"loc":{"start":{"line":3,"column":0},"end":{"line":100,"column":1}}},"1":{"name":"(anonymous_1)","decl":{"start":{"line":12,"column":4},"end":{"line":12,"column":16}},"loc":{"start":{"line":12,"column":16},"end":{"line":15,"column":5}}},"2":{"name":"(anonymous_2)","decl":{"start":{"line":17,"column":4},"end":{"line":17,"column":16}},"loc":{"start":{"line":17,"column":30},"end":{"line":20,"column":5}}},"3":{"name":"(anonymous_3)","decl":{"start":{"line":23,"column":4},"end":{"line":23,"column":10}},"loc":{"start":{"line":23,"column":10},"end":{"line":26,"column":5}}},"4":{"name":"(anonymous_4)","decl":{"start":{"line":28,"column":4},"end":{"line":28,"column":10}},"loc":{"start":{"line":28,"column":24},"end":{"line":32,"column":5}}},"5":{"name":"(anonymous_5)","decl":{"start":{"line":35,"column":4},"end":{"line":35,"column":15}},"loc":{"start":{"line":35,"column":15},"end":{"line":38,"column":5}}},"6":{"name":"(anonymous_6)","decl":{"start":{"line":40,"column":4},"end":{"line":40,"column":15}},"loc":{"start":{"line":40,"column":29},"end":{"line":43,"column":5}}},"7":{"name":"(anonymous_7)","decl":{"start":{"line":46,"column":4},"end":{"line":46,"column":17}},"loc":{"start":{"line":46,"column":17},"end":{"line":49,"column":5}}},"8":{"name":"(anonymous_8)","decl":{"start":{"line":51,"column":4},"end":{"line":51,"column":17}},"loc":{"start":{"line":51,"column":84},"end":{"line":58,"column":5}}},"9":{"name":"(anonymous_9)","decl":{"start":{"line":60,"column":4},"end":{"line":60,"column":18}},"loc":{"start":{"line":60,"column":35},"end":{"line":87,"column":5}}},"10":{"name":"(anonymous_10)","decl":{"start":{"line":71,"column":37},"end":{"line":71,"column":49}},"loc":{"start":{"line":71,"column":52},"end":{"line":81,"column":9}}},"11":{"name":"(anonymous_11)","decl":{"start":{"line":73,"column":16},"end":{"line":73,"column":22}},"loc":{"start":{"line":73,"column":26},"end":{"line":73,"column":106}}},"12":{"name":"(anonymous_12)","decl":{"start":{"line":89,"column":4},"end":{"line":89,"column":17}},"loc":{"start":{"line":89,"column":17},"end":{"line":91,"column":5}}},"13":{"name":"(anonymous_13)","decl":{"start":{"line":93,"column":0},"end":{"line":93,"column":13}},"loc":{"start":{"line":93,"column":46},"end":{"line":99,"column":1}}}},"branchMap":{"0":{"loc":{"start":{"line":13,"column":8},"end":{"line":13,"column":91}},"type":"if","locations":[{"start":{"line":13,"column":8},"end":{"line":13,"column":91}}]},"1":{"loc":{"start":{"line":18,"column":8},"end":{"line":18,"column":90}},"type":"if","locations":[{"start":{"line":18,"column":8},"end":{"line":18,"column":90}}]},"2":{"loc":{"start":{"line":24,"column":8},"end":{"line":24,"column":82}},"type":"if","locations":[{"start":{"line":24,"column":8},"end":{"line":24,"column":82}}]},"3":{"loc":{"start":{"line":30,"column":8},"end":{"line":30,"column":90}},"type":"if","locations":[{"start":{"line":30,"column":8},"end":{"line":30,"column":90}}]},"4":{"loc":{"start":{"line":30,"column":12},"end":{"line":30,"column":48}},"type":"binary-expr","locations":[{"start":{"line":30,"column":12},"end":{"line":30,"column":24}},{"start":{"line":30,"column":28},"end":{"line":30,"column":48}}]},"5":{"loc":{"start":{"line":36,"column":8},"end":{"line":36,"column":92}},"type":"if","locations":[{"start":{"line":36,"column":8},"end":{"line":36,"column":92}}]},"6":{"loc":{"start":{"line":41,"column":8},"end":{"line":41,"column":94}},"type":"if","locations":[{"start":{"line":41,"column":8},"end":{"line":41,"column":94}}]},"7":{"loc":{"start":{"line":41,"column":12},"end":{"line":41,"column":38}},"type":"binary-expr","locations":[{"start":{"line":41,"column":12},"end":{"line":41,"column":23}},{"start":{"line":41,"column":27},"end":{"line":41,"column":38}}]},"8":{"loc":{"start":{"line":47,"column":8},"end":{"line":47,"column":134}},"type":"if","locations":[{"start":{"line":47,"column":8},"end":{"line":47,"column":134}}]},"9":{"loc":{"start":{"line":47,"column":12},"end":{"line":47,"column":60}},"type":"binary-expr","locations":[{"start":{"line":47,"column":12},"end":{"line":47,"column":28}},{"start":{"line":47,"column":32},"end":{"line":47,"column":60}}]},"10":{"loc":{"start":{"line":52,"column":8},"end":{"line":52,"column":123}},"type":"if","locations":[{"start":{"line":52,"column":8},"end":{"line":52,"column":123}}]},"11":{"loc":{"start":{"line":52,"column":12},"end":{"line":52,"column":55}},"type":"binary-expr","locations":[{"start":{"line":52,"column":12},"end":{"line":52,"column":33}},{"start":{"line":52,"column":37},"end":{"line":52,"column":55}}]},"12":{"loc":{"start":{"line":54,"column":12},"end":{"line":54,"column":144}},"type":"if","locations":[{"start":{"line":54,"column":12},"end":{"line":54,"column":144}}]},"13":{"loc":{"start":{"line":54,"column":16},"end":{"line":54,"column":69}},"type":"binary-expr","locations":[{"start":{"line":54,"column":16},"end":{"line":54,"column":38}},{"start":{"line":54,"column":42},"end":{"line":54,"column":69}}]},"14":{"loc":{"start":{"line":55,"column":12},"end":{"line":55,"column":105}},"type":"if","locations":[{"start":{"line":55,"column":12},"end":{"line":55,"column":105}}]},"15":{"loc":{"start":{"line":61,"column":8},"end":{"line":67,"column":9}},"type":"if","locations":[{"start":{"line":61,"column":8},"end":{"line":67,"column":9}}]},"16":{"loc":{"start":{"line":62,"column":12},"end":{"line":64,"column":54}},"type":"binary-expr","locations":[{"start":{"line":62,"column":12},"end":{"line":62,"column":42}},{"start":{"line":63,"column":12},"end":{"line":63,"column":52}},{"start":{"line":64,"column":12},"end":{"line":64,"column":54}}]},"17":{"loc":{"start":{"line":73,"column":26},"end":{"line":73,"column":106}},"type":"binary-expr","locations":[{"start":{"line":73,"column":26},"end":{"line":73,"column":59}},{"start":{"line":73,"column":63},"end":{"line":73,"column":106}}]},"18":{"loc":{"start":{"line":76,"column":12},"end":{"line":80,"column":13}},"type":"if","locations":[{"start":{"line":76,"column":12},"end":{"line":80,"column":13}}]},"19":{"loc":{"start":{"line":76,"column":16},"end":{"line":76,"column":87}},"type":"binary-expr","locations":[{"start":{"line":76,"column":16},"end":{"line":76,"column":28}},{"start":{"line":76,"column":32},"end":{"line":76,"column":87}}]},"20":{"loc":{"start":{"line":84,"column":8},"end":{"line":86,"column":9}},"type":"if","locations":[{"start":{"line":84,"column":8},"end":{"line":86,"column":9}}]},"21":{"loc":{"start":{"line":84,"column":12},"end":{"line":84,"column":65}},"type":"binary-expr","locations":[{"start":{"line":84,"column":12},"end":{"line":84,"column":33}},{"start":{"line":84,"column":37},"end":{"line":84,"column":65}}]},"22":{"loc":{"start":{"line":90,"column":15},"end":{"line":90,"column":36}},"type":"cond-expr","locations":[{"start":{"line":90,"column":30},"end":{"line":90,"column":34}},{"start":{"line":90,"column":34},"end":{"line":90,"column":36}}]},"23":{"loc":{"start":{"line":90,"column":15},"end":{"line":90,"column":34}},"type":"binary-expr","locations":[{"start":{"line":90,"column":15},"end":{"line":90,"column":34}},{"start":{"line":90,"column":30},"end":{"line":90,"column":34}}]},"24":{"loc":{"start":{"line":94,"column":4},"end":{"line":98,"column":5}},"type":"if","locations":[{"start":{"line":94,"column":4},"end":{"line":98,"column":5}},{"start":{"line":96,"column":11},"end":{"line":98,"column":5}}]},"25":{"loc":{"start":{"line":94,"column":8},"end":{"line":94,"column":44}},"type":"binary-expr","locations":[{"start":{"line":94,"column":8},"end":{"line":94,"column":21}},{"start":{"line":94,"column":25},"end":{"line":94,"column":44}}]}},"s":{"0":22,"1":5,"2":1,"3":4,"4":5,"5":1,"6":4,"7":5,"8":1,"9":4,"10":6,"11":6,"12":2,"13":4,"14":6,"15":1,"16":5,"17":6,"18":1,"19":5,"20":5,"21":1,"22":4,"23":10,"24":1,"25":9,"26":9,"27":1,"28":8,"29":1,"30":7,"31":3,"32":1,"33":2,"34":2,"35":2,"36":2,"37":2,"38":2,"39":2,"40":1,"41":6,"42":5,"43":3,"44":2,"45":1},"f":{"0":22,"1":5,"2":5,"3":5,"4":6,"5":6,"6":6,"7":5,"8":10,"9":3,"10":2,"11":2,"12":6,"13":5},"b":{"0":[1],"1":[1],"2":[1],"3":[2],"4":[6,5],"5":[1],"6":[1],"7":[6,2],"8":[1],"9":[5,4],"10":[1],"11":[10,10],"12":[1],"13":[9,8],"14":[1],"15":[1],"16":[3,3,3],"17":[2,2],"18":[2],"19":[2,2],"20":[1],"21":[2,2],"22":[2,4],"23":[6,6],"24":[3,2],"25":[5,3]}}
,"C:\\Users\\André\\OneDrive\\Documentos\\GitHub\\edsii\\projeto_pid_rid\\models\\Docente.ts": {"path":"C:\\Users\\André\\OneDrive\\Documentos\\GitHub\\edsii\\projeto_pid_rid\\models\\Docente.ts","statementMap":{"0":{"start":{"line":12,"column":8},"end":{"line":12,"column":77}},"1":{"start":{"line":12,"column":24},"end":{"line":12,"column":77}},"2":{"start":{"line":13,"column":8},"end":{"line":13,"column":25}},"3":{"start":{"line":17,"column":8},"end":{"line":17,"column":81}},"4":{"start":{"line":17,"column":33},"end":{"line":17,"column":81}},"5":{"start":{"line":18,"column":8},"end":{"line":18,"column":26}},"6":{"start":{"line":22,"column":8},"end":{"line":22,"column":75}},"7":{"start":{"line":22,"column":23},"end":{"line":22,"column":75}},"8":{"start":{"line":23,"column":8},"end":{"line":23,"column":24}},"9":{"start":{"line":27,"column":8},"end":{"line":27,"column":102}},"10":{"start":{"line":27,"column":60},"end":{"line":27,"column":102}},"11":{"start":{"line":28,"column":8},"end":{"line":28,"column":25}},"12":{"start":{"line":32,"column":8},"end":{"line":32,"column":62}},"13":{"start":{"line":36,"column":8},"end":{"line":36,"column":79}},"14":{"start":{"line":36,"column":25},"end":{"line":36,"column":79}},"15":{"start":{"line":37,"column":8},"end":{"line":37,"column":26}},"16":{"start":{"line":41,"column":8},"end":{"line":41,"column":82}},"17":{"start":{"line":41,"column":33},"end":{"line":41,"column":82}},"18":{"start":{"line":42,"column":8},"end":{"line":42,"column":27}},"19":{"start":{"line":46,"column":8},"end":{"line":46,"column":79}},"20":{"start":{"line":46,"column":25},"end":{"line":46,"column":79}},"21":{"start":{"line":47,"column":8},"end":{"line":47,"column":26}},"22":{"start":{"line":51,"column":8},"end":{"line":51,"column":106}},"23":{"start":{"line":51,"column":62},"end":{"line":51,"column":106}},"24":{"start":{"line":52,"column":8},"end":{"line":52,"column":27}},"25":{"start":{"line":56,"column":8},"end":{"line":56,"column":59}},"26":{"start":{"line":60,"column":8},"end":{"line":60,"column":79}},"27":{"start":{"line":60,"column":25},"end":{"line":60,"column":79}},"28":{"start":{"line":61,"column":8},"end":{"line":61,"column":26}},"29":{"start":{"line":65,"column":8},"end":{"line":65,"column":91}},"30":{"start":{"line":65,"column":30},"end":{"line":65,"column":91}},"31":{"start":{"line":66,"column":8},"end":{"line":66,"column":27}},"32":{"start":{"line":70,"column":8},"end":{"line":70,"column":97}},"33":{"start":{"line":70,"column":32},"end":{"line":70,"column":97}},"34":{"start":{"line":71,"column":8},"end":{"line":71,"column":33}},"35":{"start":{"line":75,"column":8},"end":{"line":75,"column":105}},"36":{"start":{"line":75,"column":59},"end":{"line":75,"column":105}},"37":{"start":{"line":76,"column":8},"end":{"line":76,"column":34}},"38":{"start":{"line":80,"column":8},"end":{"line":80,"column":101}},"39":{"start":{"line":80,"column":34},"end":{"line":80,"column":101}},"40":{"start":{"line":81,"column":8},"end":{"line":81,"column":35}},"41":{"start":{"line":85,"column":8},"end":{"line":85,"column":90}},"42":{"start":{"line":85,"column":42},"end":{"line":85,"column":90}},"43":{"start":{"line":86,"column":8},"end":{"line":86,"column":36}},"44":{"start":{"line":1,"column":0},"end":{"line":1,"column":13}}},"fnMap":{"0":{"name":"(anonymous_0)","decl":{"start":{"line":11,"column":4},"end":{"line":11,"column":11}},"loc":{"start":{"line":11,"column":11},"end":{"line":14,"column":5}}},"1":{"name":"(anonymous_1)","decl":{"start":{"line":16,"column":4},"end":{"line":16,"column":11}},"loc":{"start":{"line":16,"column":25},"end":{"line":19,"column":5}}},"2":{"name":"(anonymous_2)","decl":{"start":{"line":21,"column":4},"end":{"line":21,"column":10}},"loc":{"start":{"line":21,"column":10},"end":{"line":24,"column":5}}},"3":{"name":"(anonymous_3)","decl":{"start":{"line":26,"column":4},"end":{"line":26,"column":10}},"loc":{"start":{"line":26,"column":24},"end":{"line":29,"column":5}}},"4":{"name":"(anonymous_4)","decl":{"start":{"line":31,"column":12},"end":{"line":31,"column":22}},"loc":{"start":{"line":31,"column":34},"end":{"line":33,"column":5}}},"5":{"name":"(anonymous_5)","decl":{"start":{"line":35,"column":4},"end":{"line":35,"column":12}},"loc":{"start":{"line":35,"column":12},"end":{"line":38,"column":5}}},"6":{"name":"(anonymous_6)","decl":{"start":{"line":40,"column":4},"end":{"line":40,"column":12}},"loc":{"start":{"line":40,"column":26},"end":{"line":43,"column":5}}},"7":{"name":"(anonymous_7)","decl":{"start":{"line":45,"column":4},"end":{"line":45,"column":12}},"loc":{"start":{"line":45,"column":12},"end":{"line":48,"column":5}}},"8":{"name":"(anonymous_8)","decl":{"start":{"line":50,"column":4},"end":{"line":50,"column":12}},"loc":{"start":{"line":50,"column":26},"end":{"line":53,"column":5}}},"9":{"name":"(anonymous_9)","decl":{"start":{"line":55,"column":12},"end":{"line":55,"column":24}},"loc":{"start":{"line":55,"column":38},"end":{"line":57,"column":5}}},"10":{"name":"(anonymous_10)","decl":{"start":{"line":59,"column":4},"end":{"line":59,"column":12}},"loc":{"start":{"line":59,"column":12},"end":{"line":62,"column":5}}},"11":{"name":"(anonymous_11)","decl":{"start":{"line":64,"column":4},"end":{"line":64,"column":12}},"loc":{"start":{"line":64,"column":26},"end":{"line":67,"column":5}}},"12":{"name":"(anonymous_12)","decl":{"start":{"line":69,"column":4},"end":{"line":69,"column":19}},"loc":{"start":{"line":69,"column":19},"end":{"line":72,"column":5}}},"13":{"name":"(anonymous_13)","decl":{"start":{"line":74,"column":4},"end":{"line":74,"column":19}},"loc":{"start":{"line":74,"column":33},"end":{"line":77,"column":5}}},"14":{"name":"(anonymous_14)","decl":{"start":{"line":79,"column":4},"end":{"line":79,"column":21}},"loc":{"start":{"line":79,"column":21},"end":{"line":82,"column":5}}},"15":{"name":"(anonymous_15)","decl":{"start":{"line":84,"column":4},"end":{"line":84,"column":21}},"loc":{"start":{"line":84,"column":35},"end":{"line":87,"column":5}}}},"branchMap":{"0":{"loc":{"start":{"line":12,"column":8},"end":{"line":12,"column":77}},"type":"if","locations":[{"start":{"line":12,"column":8},"end":{"line":12,"column":77}}]},"1":{"loc":{"start":{"line":17,"column":8},"end":{"line":17,"column":81}},"type":"if","locations":[{"start":{"line":17,"column":8},"end":{"line":17,"column":81}}]},"2":{"loc":{"start":{"line":22,"column":8},"end":{"line":22,"column":75}},"type":"if","locations":[{"start":{"line":22,"column":8},"end":{"line":22,"column":75}}]},"3":{"loc":{"start":{"line":27,"column":8},"end":{"line":27,"column":102}},"type":"if","locations":[{"start":{"line":27,"column":8},"end":{"line":27,"column":102}}]},"4":{"loc":{"start":{"line":27,"column":12},"end":{"line":27,"column":58}},"type":"binary-expr","locations":[{"start":{"line":27,"column":12},"end":{"line":27,"column":31}},{"start":{"line":27,"column":35},"end":{"line":27,"column":58}}]},"5":{"loc":{"start":{"line":32,"column":15},"end":{"line":32,"column":61}},"type":"binary-expr","locations":[{"start":{"line":32,"column":15},"end":{"line":32,"column":35}},{"start":{"line":32,"column":39},"end":{"line":32,"column":61}}]},"6":{"loc":{"start":{"line":36,"column":8},"end":{"line":36,"column":79}},"type":"if","locations":[{"start":{"line":36,"column":8},"end":{"line":36,"column":79}}]},"7":{"loc":{"start":{"line":41,"column":8},"end":{"line":41,"column":82}},"type":"if","locations":[{"start":{"line":41,"column":8},"end":{"line":41,"column":82}}]},"8":{"loc":{"start":{"line":46,"column":8},"end":{"line":46,"column":79}},"type":"if","locations":[{"start":{"line":46,"column":8},"end":{"line":46,"column":79}}]},"9":{"loc":{"start":{"line":51,"column":8},"end":{"line":51,"column":106}},"type":"if","locations":[{"start":{"line":51,"column":8},"end":{"line":51,"column":106}}]},"10":{"loc":{"start":{"line":51,"column":12},"end":{"line":51,"column":60}},"type":"binary-expr","locations":[{"start":{"line":51,"column":12},"end":{"line":51,"column":31}},{"start":{"line":51,"column":35},"end":{"line":51,"column":60}}]},"11":{"loc":{"start":{"line":60,"column":8},"end":{"line":60,"column":79}},"type":"if","locations":[{"start":{"line":60,"column":8},"end":{"line":60,"column":79}}]},"12":{"loc":{"start":{"line":65,"column":8},"end":{"line":65,"column":91}},"type":"if","locations":[{"start":{"line":65,"column":8},"end":{"line":65,"column":91}}]},"13":{"loc":{"start":{"line":70,"column":8},"end":{"line":70,"column":97}},"type":"if","locations":[{"start":{"line":70,"column":8},"end":{"line":70,"column":97}}]},"14":{"loc":{"start":{"line":75,"column":8},"end":{"line":75,"column":105}},"type":"if","locations":[{"start":{"line":75,"column":8},"end":{"line":75,"column":105}}]},"15":{"loc":{"start":{"line":75,"column":12},"end":{"line":75,"column":57}},"type":"binary-expr","locations":[{"start":{"line":75,"column":12},"end":{"line":75,"column":31}},{"start":{"line":75,"column":35},"end":{"line":75,"column":57}}]},"16":{"loc":{"start":{"line":80,"column":8},"end":{"line":80,"column":101}},"type":"if","locations":[{"start":{"line":80,"column":8},"end":{"line":80,"column":101}}]},"17":{"loc":{"start":{"line":85,"column":8},"end":{"line":85,"column":90}},"type":"if","locations":[{"start":{"line":85,"column":8},"end":{"line":85,"column":90}}]},"18":{"loc":{"start":{"line":85,"column":12},"end":{"line":85,"column":40}},"type":"binary-expr","locations":[{"start":{"line":85,"column":12},"end":{"line":85,"column":24}},{"start":{"line":85,"column":28},"end":{"line":85,"column":40}}]}},"s":{"0":2,"1":1,"2":1,"3":2,"4":1,"5":1,"6":2,"7":1,"8":1,"9":3,"10":2,"11":1,"12":2,"13":2,"14":1,"15":1,"16":2,"17":1,"18":1,"19":2,"20":1,"21":1,"22":2,"23":1,"24":1,"25":2,"26":2,"27":1,"28":1,"29":3,"30":2,"31":1,"32":3,"33":1,"34":2,"35":4,"36":2,"37":2,"38":3,"39":1,"40":2,"41":4,"42":2,"43":2,"44":1},"f":{"0":2,"1":2,"2":2,"3":3,"4":2,"5":2,"6":2,"7":2,"8":2,"9":2,"10":2,"11":3,"12":3,"13":4,"14":3,"15":4},"b":{"0":[1],"1":[1],"2":[1],"3":[2],"4":[3,2],"5":[2,1],"6":[1],"7":[1],"8":[1],"9":[1],"10":[2,2],"11":[1],"12":[2],"13":[1],"14":[2],"15":[4,3],"16":[1],"17":[2],"18":[4,3]}}
}
