TN:
SF:models\CadastroPid.ts
FN:10,(anonymous_0)
FN:15,(anonymous_1)
FN:21,(anonymous_2)
FN:26,(anonymous_3)
FN:33,(anonymous_4)
FN:38,(anonymous_5)
FN:44,(anonymous_6)
FN:49,(anonymous_7)
FN:59,(anonymous_8)
FN:64,(anonymous_9)
FNF:10
FNH:10
FNDA:5,(anonymous_0)
FNDA:6,(anonymous_1)
FNDA:5,(anonymous_2)
FNDA:6,(anonymous_3)
FNDA:6,(anonymous_4)
FNDA:6,(anonymous_5)
FNDA:5,(anonymous_6)
FNDA:8,(anonymous_7)
FNDA:2,(anonymous_8)
FNDA:2,(anonymous_9)
DA:1,2
DA:11,5
DA:12,4
DA:16,6
DA:17,5
DA:22,5
DA:23,4
DA:27,6
DA:28,6
DA:29,4
DA:34,6
DA:35,5
DA:39,6
DA:40,5
DA:45,5
DA:46,4
DA:50,8
DA:51,7
DA:52,7
DA:53,6
DA:55,5
DA:60,2
DA:61,1
DA:65,2
DA:66,1
LF:25
LH:25
BRDA:11,0,0,1
BRDA:16,1,0,1
BRDA:22,2,0,1
BRDA:28,3,0,2
BRDA:28,4,0,6
BRDA:28,4,1,5
BRDA:34,5,0,1
BRDA:39,6,0,1
BRDA:39,7,0,6
BRDA:39,7,1,2
BRDA:45,8,0,1
BRDA:45,9,0,5
BRDA:45,9,1,4
BRDA:50,10,0,1
BRDA:50,11,0,8
BRDA:50,11,1,8
BRDA:52,12,0,1
BRDA:52,13,0,7
BRDA:52,13,1,6
BRDA:53,14,0,1
BRDA:60,15,0,1
BRDA:65,16,0,1
BRF:22
BRH:22
end_of_record
TN:
SF:models\CadastroRid.ts
FN:3,(anonymous_0)
FN:12,(anonymous_1)
FN:17,(anonymous_2)
FN:23,(anonymous_3)
FN:28,(anonymous_4)
FN:35,(anonymous_5)
FN:40,(anonymous_6)
FN:46,(anonymous_7)
FN:51,(anonymous_8)
FN:60,(anonymous_9)
FN:71,(anonymous_10)
FN:73,(anonymous_11)
FN:89,(anonymous_12)
FN:93,(anonymous_13)
FNF:14
FNH:14
FNDA:22,(anonymous_0)
FNDA:5,(anonymous_1)
FNDA:5,(anonymous_2)
FNDA:5,(anonymous_3)
FNDA:6,(anonymous_4)
FNDA:6,(anonymous_5)
FNDA:6,(anonymous_6)
FNDA:5,(anonymous_7)
FNDA:10,(anonymous_8)
FNDA:3,(anonymous_9)
FNDA:2,(anonymous_10)
FNDA:2,(anonymous_11)
FNDA:6,(anonymous_12)
FNDA:5,(anonymous_13)
DA:3,1
DA:8,22
DA:13,5
DA:14,4
DA:18,5
DA:19,4
DA:24,5
DA:25,4
DA:29,6
DA:30,6
DA:31,4
DA:36,6
DA:37,5
DA:41,6
DA:42,5
DA:47,5
DA:48,4
DA:52,10
DA:53,9
DA:54,9
DA:55,8
DA:57,7
DA:61,3
DA:66,1
DA:69,2
DA:71,2
DA:72,2
DA:73,2
DA:76,2
DA:77,2
DA:84,2
DA:85,1
DA:90,6
DA:94,5
DA:95,3
DA:97,2
LF:36
LH:36
BRDA:13,0,0,1
BRDA:18,1,0,1
BRDA:24,2,0,1
BRDA:30,3,0,2
BRDA:30,4,0,6
BRDA:30,4,1,5
BRDA:36,5,0,1
BRDA:41,6,0,1
BRDA:41,7,0,6
BRDA:41,7,1,2
BRDA:47,8,0,1
BRDA:47,9,0,5
BRDA:47,9,1,4
BRDA:52,10,0,1
BRDA:52,11,0,10
BRDA:52,11,1,10
BRDA:54,12,0,1
BRDA:54,13,0,9
BRDA:54,13,1,8
BRDA:55,14,0,1
BRDA:61,15,0,1
BRDA:62,16,0,3
BRDA:62,16,1,3
BRDA:62,16,2,3
BRDA:73,17,0,2
BRDA:73,17,1,2
BRDA:76,18,0,2
BRDA:76,19,0,2
BRDA:76,19,1,2
BRDA:84,20,0,1
BRDA:84,21,0,2
BRDA:84,21,1,2
BRDA:90,22,0,2
BRDA:90,22,1,4
BRDA:90,23,0,6
BRDA:90,23,1,6
BRDA:94,24,0,3
BRDA:94,24,1,2
BRDA:94,25,0,5
BRDA:94,25,1,3
BRF:40
BRH:40
end_of_record
TN:
SF:models\Docente.ts
FN:11,(anonymous_0)
FN:16,(anonymous_1)
FN:21,(anonymous_2)
FN:26,(anonymous_3)
FN:31,(anonymous_4)
FN:35,(anonymous_5)
FN:40,(anonymous_6)
FN:45,(anonymous_7)
FN:50,(anonymous_8)
FN:55,(anonymous_9)
FN:59,(anonymous_10)
FN:64,(anonymous_11)
FN:69,(anonymous_12)
FN:74,(anonymous_13)
FN:79,(anonymous_14)
FN:84,(anonymous_15)
FNF:16
FNH:16
FNDA:2,(anonymous_0)
FNDA:2,(anonymous_1)
FNDA:2,(anonymous_2)
FNDA:3,(anonymous_3)
FNDA:2,(anonymous_4)
FNDA:2,(anonymous_5)
FNDA:2,(anonymous_6)
FNDA:2,(anonymous_7)
FNDA:2,(anonymous_8)
FNDA:2,(anonymous_9)
FNDA:2,(anonymous_10)
FNDA:3,(anonymous_11)
FNDA:3,(anonymous_12)
FNDA:4,(anonymous_13)
FNDA:3,(anonymous_14)
FNDA:4,(anonymous_15)
DA:1,1
DA:12,2
DA:13,1
DA:17,2
DA:18,1
DA:22,2
DA:23,1
DA:27,3
DA:28,1
DA:32,2
DA:36,2
DA:37,1
DA:41,2
DA:42,1
DA:46,2
DA:47,1
DA:51,2
DA:52,1
DA:56,2
DA:60,2
DA:61,1
DA:65,3
DA:66,1
DA:70,3
DA:71,2
DA:75,4
DA:76,2
DA:80,3
DA:81,2
DA:85,4
DA:86,2
LF:31
LH:31
BRDA:12,0,0,1
BRDA:17,1,0,1
BRDA:22,2,0,1
BRDA:27,3,0,2
BRDA:27,4,0,3
BRDA:27,4,1,2
BRDA:32,5,0,2
BRDA:32,5,1,1
BRDA:36,6,0,1
BRDA:41,7,0,1
BRDA:46,8,0,1
BRDA:51,9,0,1
BRDA:51,10,0,2
BRDA:51,10,1,2
BRDA:60,11,0,1
BRDA:65,12,0,2
BRDA:70,13,0,1
BRDA:75,14,0,2
BRDA:75,15,0,4
BRDA:75,15,1,3
BRDA:80,16,0,1
BRDA:85,17,0,2
BRDA:85,18,0,4
BRDA:85,18,1,3
BRF:24
BRH:24
end_of_record
