TN:
SF:models\Docente.ts
FN:11,(anonymous_0)
FN:16,(anonymous_1)
FN:21,(anonymous_2)
FN:26,(anonymous_3)
FN:31,(anonymous_4)
FN:35,(anonymous_5)
FN:40,(anonymous_6)
FN:45,(anonymous_7)
FN:50,(anonymous_8)
FN:55,(anonymous_9)
FN:59,(anonymous_10)
FN:64,(anonymous_11)
FN:69,(anonymous_12)
FN:74,(anonymous_13)
FN:79,(anonymous_14)
FN:84,(anonymous_15)
FNF:16
FNH:16
FNDA:2,(anonymous_0)
FNDA:2,(anonymous_1)
FNDA:2,(anonymous_2)
FNDA:3,(anonymous_3)
FNDA:2,(anonymous_4)
FNDA:2,(anonymous_5)
FNDA:2,(anonymous_6)
FNDA:2,(anonymous_7)
FNDA:1,(anonymous_8)
FNDA:1,(anonymous_9)
FNDA:2,(anonymous_10)
FNDA:3,(anonymous_11)
FNDA:3,(anonymous_12)
FNDA:4,(anonymous_13)
FNDA:3,(anonymous_14)
FNDA:4,(anonymous_15)
DA:1,1
DA:12,2
DA:13,1
DA:17,2
DA:18,1
DA:22,2
DA:23,1
DA:27,3
DA:28,1
DA:32,2
DA:36,2
DA:37,1
DA:41,2
DA:42,1
DA:46,2
DA:47,1
DA:51,1
DA:52,1
DA:56,1
DA:60,2
DA:61,1
DA:65,3
DA:66,1
DA:70,3
DA:71,2
DA:75,4
DA:76,2
DA:80,3
DA:81,2
DA:85,4
DA:86,2
LF:31
LH:31
BRDA:12,0,0,1
BRDA:17,1,0,1
BRDA:22,2,0,1
BRDA:27,3,0,2
BRDA:27,4,0,3
BRDA:27,4,1,2
BRDA:32,5,0,2
BRDA:32,5,1,1
BRDA:36,6,0,1
BRDA:41,7,0,1
BRDA:46,8,0,1
BRDA:51,9,0,0
BRDA:51,10,0,1
BRDA:51,10,1,1
BRDA:60,11,0,1
BRDA:65,12,0,2
BRDA:70,13,0,1
BRDA:75,14,0,2
BRDA:75,15,0,4
BRDA:75,15,1,3
BRDA:80,16,0,1
BRDA:85,17,0,2
BRDA:85,18,0,4
BRDA:85,18,1,3
BRF:24
BRH:23
end_of_record
